2021-05-05 00:05:40.885  INFO 1788 --- [Thread-85] ConfigServletWebServerApplicationContext : Closing org.springframework.boot.web.servlet.context.AnnotationConfigServletWebServerApplicationContext@7424f666: startup date [Tue May 04 23:56:52 CST 2021]; root of context hierarchy
2021-05-05 00:05:40.893  INFO 1788 --- [Thread-85] o.s.j.e.a.AnnotationMBeanExporter        : Unregistering JMX-exposed beans on shutdown
2021-05-05 00:05:40.894  INFO 1788 --- [Thread-85] o.s.j.e.a.AnnotationMBeanExporter        : Unregistering JMX-exposed beans
2021-05-05 00:05:40.895  INFO 1788 --- [Thread-85] j.LocalContainerEntityManagerFactoryBean : Closing JPA EntityManagerFactory for persistence unit 'default'
2021-05-05 00:05:40.896  INFO 1788 --- [Thread-85] com.zaxxer.hikari.HikariDataSource       : HikariPool-11 - Shutdown initiated...
2021-05-05 00:05:40.902  INFO 1788 --- [Thread-85] com.zaxxer.hikari.HikariDataSource       : HikariPool-11 - Shutdown completed.
2021-05-05 00:05:41.719  INFO 1788 --- [restartedMain] com.lrm.Application                      : Starting Application on PC-20200730QXZK with PID 1788 (started by Administrator in D:\springboot开发\雏雁项目\WeSwallows)
2021-05-05 00:05:41.719 DEBUG 1788 --- [restartedMain] com.lrm.Application                      : Running with Spring Boot v2.0.6.RELEASE, Spring v5.0.10.RELEASE
2021-05-05 00:05:41.719  INFO 1788 --- [restartedMain] com.lrm.Application                      : No active profile set, falling back to default profiles: default
2021-05-05 00:05:41.722  INFO 1788 --- [restartedMain] ConfigServletWebServerApplicationContext : Refreshing org.springframework.boot.web.servlet.context.AnnotationConfigServletWebServerApplicationContext@615e45f5: startup date [Wed May 05 00:05:41 CST 2021]; root of context hierarchy
2021-05-05 00:05:43.050  INFO 1788 --- [restartedMain] trationDelegate$BeanPostProcessorChecker : Bean 'org.springframework.transaction.annotation.ProxyTransactionManagementConfiguration' of type [org.springframework.transaction.annotation.ProxyTransactionManagementConfiguration$$EnhancerBySpringCGLIB$$c8f93a84] is not eligible for getting processed by all BeanPostProcessors (for example: not eligible for auto-proxying)
2021-05-05 00:05:43.400  INFO 1788 --- [restartedMain] o.s.b.w.embedded.tomcat.TomcatWebServer  : Tomcat initialized with port(s): 8080 (http)
2021-05-05 00:05:43.402  INFO 1788 --- [restartedMain] o.apache.catalina.core.StandardService   : Starting service [Tomcat]
2021-05-05 00:05:43.403  INFO 1788 --- [restartedMain] org.apache.catalina.core.StandardEngine  : Starting Servlet Engine: Apache Tomcat/8.5.34
2021-05-05 00:05:43.433  INFO 1788 --- [localhost-startStop-1] o.a.c.c.C.[Tomcat].[localhost].[/]       : Initializing Spring embedded WebApplicationContext
2021-05-05 00:05:43.434  INFO 1788 --- [localhost-startStop-1] o.s.web.context.ContextLoader            : Root WebApplicationContext: initialization completed in 1712 ms
2021-05-05 00:05:43.478  INFO 1788 --- [localhost-startStop-1] o.s.b.w.servlet.ServletRegistrationBean  : Servlet dispatcherServlet mapped to [/]
2021-05-05 00:05:43.478  INFO 1788 --- [localhost-startStop-1] o.s.b.w.servlet.FilterRegistrationBean   : Mapping filter: 'characterEncodingFilter' to: [/*]
2021-05-05 00:05:43.478  INFO 1788 --- [localhost-startStop-1] o.s.b.w.servlet.FilterRegistrationBean   : Mapping filter: 'hiddenHttpMethodFilter' to: [/*]
2021-05-05 00:05:43.478  INFO 1788 --- [localhost-startStop-1] o.s.b.w.servlet.FilterRegistrationBean   : Mapping filter: 'httpPutFormContentFilter' to: [/*]
2021-05-05 00:05:43.478  INFO 1788 --- [localhost-startStop-1] o.s.b.w.servlet.FilterRegistrationBean   : Mapping filter: 'requestContextFilter' to: [/*]
2021-05-05 00:05:43.596  INFO 1788 --- [restartedMain] com.zaxxer.hikari.HikariDataSource       : HikariPool-12 - Starting...
2021-05-05 00:05:43.601  INFO 1788 --- [restartedMain] com.zaxxer.hikari.HikariDataSource       : HikariPool-12 - Start completed.
2021-05-05 00:05:43.623  INFO 1788 --- [restartedMain] j.LocalContainerEntityManagerFactoryBean : Building JPA container EntityManagerFactory for persistence unit 'default'
2021-05-05 00:05:43.623  INFO 1788 --- [restartedMain] o.hibernate.jpa.internal.util.LogHelper  : HHH000204: Processing PersistenceUnitInfo [
	name: default
	...]
2021-05-05 00:05:43.646  INFO 1788 --- [restartedMain] org.hibernate.dialect.Dialect            : HHH000400: Using dialect: org.hibernate.dialect.MySQL5Dialect
2021-05-05 00:05:43.753  INFO 1788 --- [restartedMain] j.LocalContainerEntityManagerFactoryBean : Initialized JPA EntityManagerFactory for persistence unit 'default'
2021-05-05 00:05:43.957  INFO 1788 --- [restartedMain] o.h.h.i.QueryTranslatorFactoryInitiator  : HHH000397: Using ASTQueryTranslatorFactory
2021-05-05 00:05:44.421  INFO 1788 --- [restartedMain] o.s.w.s.handler.SimpleUrlHandlerMapping  : Mapped URL path [/**/favicon.ico] onto handler of type [class org.springframework.web.servlet.resource.ResourceHttpRequestHandler]
2021-05-05 00:05:44.595  INFO 1788 --- [restartedMain] s.w.s.m.m.a.RequestMappingHandlerAdapter : Looking for @ControllerAdvice: org.springframework.boot.web.servlet.context.AnnotationConfigServletWebServerApplicationContext@615e45f5: startup date [Wed May 05 00:05:41 CST 2021]; root of context hierarchy
2021-05-05 00:05:44.610  WARN 1788 --- [restartedMain] aWebConfiguration$JpaWebMvcConfiguration : spring.jpa.open-in-view is enabled by default. Therefore, database queries may be performed during view rendering. Explicitly configure spring.jpa.open-in-view to disable this warning
2021-05-05 00:05:44.616  INFO 1788 --- [restartedMain] s.w.s.m.m.a.RequestMappingHandlerMapping : Mapped "{[/admin/questions/{questionId}/delete],methods=[GET]}" onto public com.lrm.vo.Result<java.util.Map<java.lang.String, java.lang.Object>> com.lrm.web.admin.AdminQuestionController.delete(java.lang.Long,javax.servlet.http.HttpServletRequest)
2021-05-05 00:05:44.616  INFO 1788 --- [restartedMain] s.w.s.m.m.a.RequestMappingHandlerMapping : Mapped "{[/admin/questions],methods=[POST]}" onto public com.lrm.vo.Result<java.util.Map<java.lang.String, java.lang.Object>> com.lrm.web.admin.AdminQuestionController.post(com.lrm.po.Question,org.springframework.validation.BindingResult)
2021-05-05 00:05:44.616  INFO 1788 --- [restartedMain] s.w.s.m.m.a.RequestMappingHandlerMapping : Mapped "{[/admin/question/{questionId}/edit],methods=[GET]}" onto public com.lrm.vo.Result<java.util.Map<java.lang.String, java.lang.Object>> com.lrm.web.admin.AdminQuestionController.editInput(java.lang.Long)
2021-05-05 00:05:44.616  INFO 1788 --- [restartedMain] s.w.s.m.m.a.RequestMappingHandlerMapping : Mapped "{[/admin/searchQuestions],methods=[POST]}" onto public com.lrm.vo.Result<java.util.Map<java.lang.String, java.lang.Object>> com.lrm.web.admin.AdminQuestionController.searchQuestion(org.springframework.data.domain.Pageable,com.lrm.vo.QuestionQuery,java.lang.Long)
2021-05-05 00:05:44.617  INFO 1788 --- [restartedMain] s.w.s.m.m.a.RequestMappingHandlerMapping : Mapped "{[/admin/tags/{tagId}/delete],methods=[GET]}" onto public com.lrm.vo.Result<java.util.Map<java.lang.String, java.lang.Object>> com.lrm.web.admin.TagController.delete(java.lang.Long)
2021-05-05 00:05:44.617  INFO 1788 --- [restartedMain] s.w.s.m.m.a.RequestMappingHandlerMapping : Mapped "{[/admin/tags/],methods=[GET]}" onto public com.lrm.vo.Result<java.util.Map<java.lang.String, java.lang.Object>> com.lrm.web.admin.TagController.tags()
2021-05-05 00:05:44.617  INFO 1788 --- [restartedMain] s.w.s.m.m.a.RequestMappingHandlerMapping : Mapped "{[/admin/tags/input],methods=[POST]}" onto public com.lrm.vo.Result<java.util.Map<java.lang.String, java.lang.Object>> com.lrm.web.admin.TagController.post(com.lrm.po.Tag,org.springframework.validation.BindingResult)
2021-05-05 00:05:44.617  INFO 1788 --- [restartedMain] s.w.s.m.m.a.RequestMappingHandlerMapping : Mapped "{[/admin/controlSpeak/{userId}],methods=[GET]}" onto public void com.lrm.web.admin.UserController.controlSpeak(java.lang.Long)
2021-05-05 00:05:44.617  INFO 1788 --- [restartedMain] s.w.s.m.m.a.RequestMappingHandlerMapping : Mapped "{[/admin/searchUser],methods=[POST]}" onto public com.lrm.vo.Result<java.util.Map<java.lang.String, java.lang.Object>> com.lrm.web.admin.UserController.searchCustomer(java.lang.String)
2021-05-05 00:05:44.618  INFO 1788 --- [restartedMain] s.w.s.m.m.a.RequestMappingHandlerMapping : Mapped "{[/question/{questionId}/comments],methods=[GET]}" onto public com.lrm.vo.Result<java.util.Map<java.lang.String, java.lang.Object>> com.lrm.web.CommentController.comments(java.lang.Long,javax.servlet.http.HttpServletRequest)
2021-05-05 00:05:44.618  INFO 1788 --- [restartedMain] s.w.s.m.m.a.RequestMappingHandlerMapping : Mapped "{[/question/{questionId}/comment],methods=[POST]}" onto public com.lrm.vo.Result<java.util.Map<java.lang.String, java.lang.Object>> com.lrm.web.CommentController.post(com.lrm.po.Comment,javax.servlet.http.HttpServletRequest,org.springframework.validation.BindingResult) throws com.lrm.Exception.NotFoundException
2021-05-05 00:05:44.618  INFO 1788 --- [restartedMain] s.w.s.m.m.a.RequestMappingHandlerMapping : Mapped "{[/question/{questionId}/comment/{commentId}/delete],methods=[GET]}" onto public com.lrm.vo.Result<java.util.Map<java.lang.String, java.lang.Object>> com.lrm.web.CommentController.deleteComment(java.lang.Long,javax.servlet.http.HttpServletRequest)
2021-05-05 00:05:44.618  INFO 1788 --- [restartedMain] s.w.s.m.m.a.RequestMappingHandlerMapping : Mapped "{[/question/{questionId}/comment/{commentId}/disapprove],methods=[GET]}" onto public void com.lrm.web.CommentController.disapprove(java.lang.Long,java.lang.Long,javax.servlet.http.HttpServletRequest)
2021-05-05 00:05:44.618  INFO 1788 --- [restartedMain] s.w.s.m.m.a.RequestMappingHandlerMapping : Mapped "{[/question/{questionId}/comment/{commentId}/approve],methods=[GET]}" onto public void com.lrm.web.CommentController.approve(java.lang.Long,java.lang.Long,javax.servlet.http.HttpServletRequest)
2021-05-05 00:05:44.618  INFO 1788 --- [restartedMain] s.w.s.m.m.a.RequestMappingHandlerMapping : Mapped "{[/question/{questionId}/uploadPhotos],methods=[POST]}" onto public com.lrm.vo.Result<java.util.Map<java.lang.String, java.lang.Object>> com.lrm.web.CommentController.uploadPhotos(org.springframework.web.multipart.MultipartFile[],javax.servlet.http.HttpServletRequest,java.lang.Long,java.lang.Long) throws java.io.IOException
2021-05-05 00:05:44.619  INFO 1788 --- [restartedMain] s.w.s.m.m.a.RequestMappingHandlerMapping : Mapped "{[/customer/archives],methods=[GET]}" onto public com.lrm.vo.Result<java.util.Map<java.lang.String, java.lang.Object>> com.lrm.web.customer.ArchiveShowController.archives(javax.servlet.http.HttpServletRequest)
2021-05-05 00:05:44.619  INFO 1788 --- [restartedMain] s.w.s.m.m.a.RequestMappingHandlerMapping : Mapped "{[/customer/uploadAvatar],methods=[POST]}" onto public com.lrm.vo.Result<java.util.Map<java.lang.String, java.lang.Object>> com.lrm.web.customer.CustomerController.uploadAvatar(org.springframework.web.multipart.MultipartFile,javax.servlet.http.HttpServletRequest)
2021-05-05 00:05:44.619  INFO 1788 --- [restartedMain] s.w.s.m.m.a.RequestMappingHandlerMapping : Mapped "{[/customer/personal],methods=[GET]}" onto public com.lrm.vo.Result<java.util.Map<java.lang.String, java.lang.Object>> com.lrm.web.customer.CustomerController.showMe(javax.servlet.http.HttpServletRequest)
2021-05-05 00:05:44.619  INFO 1788 --- [restartedMain] s.w.s.m.m.a.RequestMappingHandlerMapping : Mapped "{[/customer/modifyAll],methods=[POST]}" onto public com.lrm.vo.Result<java.util.Map<java.lang.String, java.lang.Object>> com.lrm.web.customer.CustomerController.modifyUserInformation(com.lrm.po.User)
2021-05-05 00:05:44.620  INFO 1788 --- [restartedMain] s.w.s.m.m.a.RequestMappingHandlerMapping : Mapped "{[/customer/messages/],methods=[GET]}" onto public com.lrm.vo.Result<java.util.Map<java.lang.String, java.lang.Object>> com.lrm.web.customer.MessageController.messages(javax.servlet.http.HttpServletRequest) throws com.auth0.jwt.exceptions.JWTVerificationException
2021-05-05 00:05:44.620  INFO 1788 --- [restartedMain] s.w.s.m.m.a.RequestMappingHandlerMapping : Mapped "{[/customer/messages/readAllComments],methods=[GET]}" onto public void com.lrm.web.customer.MessageController.readAllComments(javax.servlet.http.HttpServletRequest)
2021-05-05 00:05:44.620  INFO 1788 --- [restartedMain] s.w.s.m.m.a.RequestMappingHandlerMapping : Mapped "{[/customer/messages/readAllLikes],methods=[GET]}" onto public void com.lrm.web.customer.MessageController.readAllLikes(javax.servlet.http.HttpServletRequest)
2021-05-05 00:05:44.620  INFO 1788 --- [restartedMain] s.w.s.m.m.a.RequestMappingHandlerMapping : Mapped "{[/customer/messages/{likesId}/read],methods=[GET]}" onto public void com.lrm.web.customer.MessageController.readLikes(java.lang.Long)
2021-05-05 00:05:44.620  INFO 1788 --- [restartedMain] s.w.s.m.m.a.RequestMappingHandlerMapping : Mapped "{[/customer/messages/{commentId}/read],methods=[GET]}" onto public void com.lrm.web.customer.MessageController.readComment(java.lang.Long)
2021-05-05 00:05:44.621  INFO 1788 --- [restartedMain] s.w.s.m.m.a.RequestMappingHandlerMapping : Mapped "{[/customer/question/{questionId}/delete],methods=[GET]}" onto public com.lrm.vo.Result<java.util.Map<java.lang.String, java.lang.Object>> com.lrm.web.customer.QuestionController.delete(java.lang.Long,javax.servlet.http.HttpServletRequest)
2021-05-05 00:05:44.621  INFO 1788 --- [restartedMain] s.w.s.m.m.a.RequestMappingHandlerMapping : Mapped "{[/customer/searchQuestions],methods=[POST]}" onto public com.lrm.vo.Result<java.util.Map<java.lang.String, java.lang.Object>> com.lrm.web.customer.QuestionController.search(org.springframework.data.domain.Pageable,com.lrm.vo.QuestionQuery,javax.servlet.http.HttpServletRequest)
2021-05-05 00:05:44.621  INFO 1788 --- [restartedMain] s.w.s.m.m.a.RequestMappingHandlerMapping : Mapped "{[/customer/questions],methods=[POST]}" onto public com.lrm.vo.Result<java.util.Map<java.lang.String, java.lang.Object>> com.lrm.web.customer.QuestionController.post(com.lrm.po.Question,org.springframework.validation.BindingResult,javax.servlet.http.HttpServletRequest)
2021-05-05 00:05:44.621  INFO 1788 --- [restartedMain] s.w.s.m.m.a.RequestMappingHandlerMapping : Mapped "{[/customer/uploadPhotos],methods=[POST]}" onto public com.lrm.vo.Result<java.util.Map<java.lang.String, java.lang.Object>> com.lrm.web.customer.QuestionController.uploadPhotos(org.springframework.web.multipart.MultipartFile[],javax.servlet.http.HttpServletRequest,java.lang.Long) throws java.io.IOException
2021-05-05 00:05:44.621  INFO 1788 --- [restartedMain] s.w.s.m.m.a.RequestMappingHandlerMapping : Mapped "{[/customer/questions/tags],methods=[GET]}" onto public com.lrm.vo.Result<java.util.Map<java.lang.String, java.lang.Object>> com.lrm.web.customer.QuestionController.showTags()
2021-05-05 00:05:44.621  INFO 1788 --- [restartedMain] s.w.s.m.m.a.RequestMappingHandlerMapping : Mapped "{[/customer/questions],methods=[GET]}" onto public com.lrm.vo.Result<java.util.Map<java.lang.String, java.lang.Object>> com.lrm.web.customer.QuestionController.showQuestions(org.springframework.data.domain.Pageable,com.lrm.vo.QuestionQuery,javax.servlet.http.HttpServletRequest)
2021-05-05 00:05:44.622  INFO 1788 --- [restartedMain] s.w.s.m.m.a.RequestMappingHandlerMapping : Mapped "{[/],methods=[GET]}" onto public com.lrm.vo.Result<java.util.Map<java.lang.String, java.lang.Object>> com.lrm.web.IndexController.index(org.springframework.data.domain.Pageable,javax.servlet.http.HttpServletRequest)
2021-05-05 00:05:44.622  INFO 1788 --- [restartedMain] s.w.s.m.m.a.RequestMappingHandlerMapping : Mapped "{[/searchQuestions],methods=[POST]}" onto public com.lrm.vo.Result<java.util.Map<java.lang.String, java.lang.Object>> com.lrm.web.IndexController.search(org.springframework.data.domain.Pageable,java.lang.String)
2021-05-05 00:05:44.622  INFO 1788 --- [restartedMain] s.w.s.m.m.a.RequestMappingHandlerMapping : Mapped "{[/question/{questionId}],methods=[GET]}" onto public com.lrm.vo.Result<java.util.Map<java.lang.String, java.lang.Object>> com.lrm.web.IndexController.question(java.lang.Long)
2021-05-05 00:05:44.622  INFO 1788 --- [restartedMain] s.w.s.m.m.a.RequestMappingHandlerMapping : Mapped "{[/question/{questionId}/disapprove],methods=[GET]}" onto public void com.lrm.web.IndexController.disapprove(java.lang.Long,javax.servlet.http.HttpServletRequest)
2021-05-05 00:05:44.622  INFO 1788 --- [restartedMain] s.w.s.m.m.a.RequestMappingHandlerMapping : Mapped "{[/question/{questionId}/approve],methods=[GET]}" onto public void com.lrm.web.IndexController.approve(java.lang.Long,javax.servlet.http.HttpServletRequest)
2021-05-05 00:05:44.622  INFO 1788 --- [restartedMain] s.w.s.m.m.a.RequestMappingHandlerMapping : Mapped "{[/register],methods=[POST]}" onto public com.lrm.vo.Result<java.util.Map<java.lang.String, java.lang.Object>> com.lrm.web.LoginController.register(com.lrm.po.User,org.springframework.validation.BindingResult)
2021-05-05 00:05:44.622  INFO 1788 --- [restartedMain] s.w.s.m.m.a.RequestMappingHandlerMapping : Mapped "{[/login],methods=[POST]}" onto public com.lrm.vo.Result<java.util.Map<java.lang.String, java.lang.Object>> com.lrm.web.LoginController.login(java.lang.String,java.lang.String)
2021-05-05 00:05:44.623  INFO 1788 --- [restartedMain] s.w.s.m.m.a.RequestMappingHandlerMapping : Mapped "{[/rank],methods=[GET]}" onto com.lrm.vo.Result<java.util.Map<java.lang.String, java.lang.Object>> com.lrm.web.RankController.donationRank()
2021-05-05 00:05:44.623  INFO 1788 --- [restartedMain] s.w.s.m.m.a.RequestMappingHandlerMapping : Mapped "{[/tags/],methods=[GET]}" onto public com.lrm.vo.Result<java.util.Map<java.lang.String, java.lang.Object>> com.lrm.web.TagShowController.tags()
2021-05-05 00:05:44.623  INFO 1788 --- [restartedMain] s.w.s.m.m.a.RequestMappingHandlerMapping : Mapped "{[/tags/searchQuestions],methods=[POST]}" onto public com.lrm.vo.Result<java.util.Map<java.lang.String, java.lang.Object>> com.lrm.web.TagShowController.showQuestions(java.lang.String)
2021-05-05 00:05:44.624  INFO 1788 --- [restartedMain] s.w.s.m.m.a.RequestMappingHandlerMapping : Mapped "{[/error]}" onto public org.springframework.http.ResponseEntity<java.util.Map<java.lang.String, java.lang.Object>> org.springframework.boot.autoconfigure.web.servlet.error.BasicErrorController.error(javax.servlet.http.HttpServletRequest)
2021-05-05 00:05:44.624  INFO 1788 --- [restartedMain] s.w.s.m.m.a.RequestMappingHandlerMapping : Mapped "{[/error],produces=[text/html]}" onto public org.springframework.web.servlet.ModelAndView org.springframework.boot.autoconfigure.web.servlet.error.BasicErrorController.errorHtml(javax.servlet.http.HttpServletRequest,javax.servlet.http.HttpServletResponse)
2021-05-05 00:05:44.666  INFO 1788 --- [restartedMain] o.s.w.s.handler.SimpleUrlHandlerMapping  : Mapped URL path [/webjars/**] onto handler of type [class org.springframework.web.servlet.resource.ResourceHttpRequestHandler]
2021-05-05 00:05:44.666  INFO 1788 --- [restartedMain] o.s.w.s.handler.SimpleUrlHandlerMapping  : Mapped URL path [/**] onto handler of type [class org.springframework.web.servlet.resource.ResourceHttpRequestHandler]
2021-05-05 00:05:44.677  INFO 1788 --- [restartedMain] .m.m.a.ExceptionHandlerExceptionResolver : Detected @ExceptionHandler methods in controllerExceptionHandler
2021-05-05 00:05:44.954  INFO 1788 --- [restartedMain] o.s.b.d.a.OptionalLiveReloadServer       : LiveReload server is running on port 35729
2021-05-05 00:05:44.978  INFO 1788 --- [restartedMain] o.s.j.e.a.AnnotationMBeanExporter        : Registering beans for JMX exposure on startup
2021-05-05 00:05:44.979  INFO 1788 --- [restartedMain] o.s.j.e.a.AnnotationMBeanExporter        : Bean with name 'dataSource' has been autodetected for JMX exposure
2021-05-05 00:05:44.983  INFO 1788 --- [restartedMain] o.s.j.e.a.AnnotationMBeanExporter        : Located MBean 'dataSource': registering with JMX server as MBean [com.zaxxer.hikari:name=dataSource,type=HikariDataSource]
2021-05-05 00:05:44.990  INFO 1788 --- [restartedMain] o.s.b.w.embedded.tomcat.TomcatWebServer  : Tomcat started on port(s): 8080 (http) with context path ''
2021-05-05 00:05:44.991  INFO 1788 --- [restartedMain] com.lrm.Application                      : Started Application in 3.317 seconds (JVM running for 2040.552)
2021-05-05 00:05:44.993  INFO 1788 --- [restartedMain] .ConditionEvaluationDeltaLoggingListener : Condition evaluation unchanged
2021-05-05 00:07:19.075  INFO 1788 --- [Thread-91] ConfigServletWebServerApplicationContext : Closing org.springframework.boot.web.servlet.context.AnnotationConfigServletWebServerApplicationContext@615e45f5: startup date [Wed May 05 00:05:41 CST 2021]; root of context hierarchy
2021-05-05 00:07:19.078  INFO 1788 --- [Thread-91] o.s.j.e.a.AnnotationMBeanExporter        : Unregistering JMX-exposed beans on shutdown
2021-05-05 00:07:19.078  INFO 1788 --- [Thread-91] o.s.j.e.a.AnnotationMBeanExporter        : Unregistering JMX-exposed beans
2021-05-05 00:07:19.079  INFO 1788 --- [Thread-91] j.LocalContainerEntityManagerFactoryBean : Closing JPA EntityManagerFactory for persistence unit 'default'
2021-05-05 00:07:19.080  INFO 1788 --- [Thread-91] com.zaxxer.hikari.HikariDataSource       : HikariPool-12 - Shutdown initiated...
2021-05-05 00:07:19.086  INFO 1788 --- [Thread-91] com.zaxxer.hikari.HikariDataSource       : HikariPool-12 - Shutdown completed.
2021-05-05 00:07:19.774  INFO 1788 --- [restartedMain] com.lrm.Application                      : Starting Application on PC-20200730QXZK with PID 1788 (started by Administrator in D:\springboot开发\雏雁项目\WeSwallows)
2021-05-05 00:07:19.774 DEBUG 1788 --- [restartedMain] com.lrm.Application                      : Running with Spring Boot v2.0.6.RELEASE, Spring v5.0.10.RELEASE
2021-05-05 00:07:19.774  INFO 1788 --- [restartedMain] com.lrm.Application                      : No active profile set, falling back to default profiles: default
2021-05-05 00:07:19.776  INFO 1788 --- [restartedMain] ConfigServletWebServerApplicationContext : Refreshing org.springframework.boot.web.servlet.context.AnnotationConfigServletWebServerApplicationContext@6a6b6914: startup date [Wed May 05 00:07:19 CST 2021]; root of context hierarchy
2021-05-05 00:07:20.262  INFO 1788 --- [restartedMain] trationDelegate$BeanPostProcessorChecker : Bean 'org.springframework.transaction.annotation.ProxyTransactionManagementConfiguration' of type [org.springframework.transaction.annotation.ProxyTransactionManagementConfiguration$$EnhancerBySpringCGLIB$$c8f93a84] is not eligible for getting processed by all BeanPostProcessors (for example: not eligible for auto-proxying)
2021-05-05 00:07:20.429  INFO 1788 --- [restartedMain] o.s.b.w.embedded.tomcat.TomcatWebServer  : Tomcat initialized with port(s): 8080 (http)
2021-05-05 00:07:20.430  INFO 1788 --- [restartedMain] o.apache.catalina.core.StandardService   : Starting service [Tomcat]
2021-05-05 00:07:20.431  INFO 1788 --- [restartedMain] org.apache.catalina.core.StandardEngine  : Starting Servlet Engine: Apache Tomcat/8.5.34
2021-05-05 00:07:20.449  INFO 1788 --- [localhost-startStop-1] o.a.c.c.C.[Tomcat].[localhost].[/]       : Initializing Spring embedded WebApplicationContext
2021-05-05 00:07:20.451  INFO 1788 --- [localhost-startStop-1] o.s.web.context.ContextLoader            : Root WebApplicationContext: initialization completed in 675 ms
2021-05-05 00:07:20.471  INFO 1788 --- [localhost-startStop-1] o.s.b.w.servlet.ServletRegistrationBean  : Servlet dispatcherServlet mapped to [/]
2021-05-05 00:07:20.472  INFO 1788 --- [localhost-startStop-1] o.s.b.w.servlet.FilterRegistrationBean   : Mapping filter: 'characterEncodingFilter' to: [/*]
2021-05-05 00:07:20.472  INFO 1788 --- [localhost-startStop-1] o.s.b.w.servlet.FilterRegistrationBean   : Mapping filter: 'hiddenHttpMethodFilter' to: [/*]
2021-05-05 00:07:20.472  INFO 1788 --- [localhost-startStop-1] o.s.b.w.servlet.FilterRegistrationBean   : Mapping filter: 'httpPutFormContentFilter' to: [/*]
2021-05-05 00:07:20.472  INFO 1788 --- [localhost-startStop-1] o.s.b.w.servlet.FilterRegistrationBean   : Mapping filter: 'requestContextFilter' to: [/*]
2021-05-05 00:07:20.554  INFO 1788 --- [restartedMain] com.zaxxer.hikari.HikariDataSource       : HikariPool-13 - Starting...
2021-05-05 00:07:20.558  INFO 1788 --- [restartedMain] com.zaxxer.hikari.HikariDataSource       : HikariPool-13 - Start completed.
2021-05-05 00:07:20.575  INFO 1788 --- [restartedMain] j.LocalContainerEntityManagerFactoryBean : Building JPA container EntityManagerFactory for persistence unit 'default'
2021-05-05 00:07:20.575  INFO 1788 --- [restartedMain] o.hibernate.jpa.internal.util.LogHelper  : HHH000204: Processing PersistenceUnitInfo [
	name: default
	...]
2021-05-05 00:07:20.598  INFO 1788 --- [restartedMain] org.hibernate.dialect.Dialect            : HHH000400: Using dialect: org.hibernate.dialect.MySQL5Dialect
2021-05-05 00:07:20.750  INFO 1788 --- [restartedMain] j.LocalContainerEntityManagerFactoryBean : Initialized JPA EntityManagerFactory for persistence unit 'default'
2021-05-05 00:07:20.980  INFO 1788 --- [restartedMain] o.h.h.i.QueryTranslatorFactoryInitiator  : HHH000397: Using ASTQueryTranslatorFactory
2021-05-05 00:07:21.424  INFO 1788 --- [restartedMain] o.s.w.s.handler.SimpleUrlHandlerMapping  : Mapped URL path [/**/favicon.ico] onto handler of type [class org.springframework.web.servlet.resource.ResourceHttpRequestHandler]
2021-05-05 00:07:21.676  INFO 1788 --- [restartedMain] s.w.s.m.m.a.RequestMappingHandlerAdapter : Looking for @ControllerAdvice: org.springframework.boot.web.servlet.context.AnnotationConfigServletWebServerApplicationContext@6a6b6914: startup date [Wed May 05 00:07:19 CST 2021]; root of context hierarchy
2021-05-05 00:07:21.695  WARN 1788 --- [restartedMain] aWebConfiguration$JpaWebMvcConfiguration : spring.jpa.open-in-view is enabled by default. Therefore, database queries may be performed during view rendering. Explicitly configure spring.jpa.open-in-view to disable this warning
2021-05-05 00:07:21.703  INFO 1788 --- [restartedMain] s.w.s.m.m.a.RequestMappingHandlerMapping : Mapped "{[/admin/questions/{questionId}/delete],methods=[GET]}" onto public com.lrm.vo.Result<java.util.Map<java.lang.String, java.lang.Object>> com.lrm.web.admin.AdminQuestionController.delete(java.lang.Long,javax.servlet.http.HttpServletRequest)
2021-05-05 00:07:21.704  INFO 1788 --- [restartedMain] s.w.s.m.m.a.RequestMappingHandlerMapping : Mapped "{[/admin/questions],methods=[POST]}" onto public com.lrm.vo.Result<java.util.Map<java.lang.String, java.lang.Object>> com.lrm.web.admin.AdminQuestionController.post(com.lrm.po.Question,org.springframework.validation.BindingResult)
2021-05-05 00:07:21.704  INFO 1788 --- [restartedMain] s.w.s.m.m.a.RequestMappingHandlerMapping : Mapped "{[/admin/question/{questionId}/edit],methods=[GET]}" onto public com.lrm.vo.Result<java.util.Map<java.lang.String, java.lang.Object>> com.lrm.web.admin.AdminQuestionController.editInput(java.lang.Long)
2021-05-05 00:07:21.704  INFO 1788 --- [restartedMain] s.w.s.m.m.a.RequestMappingHandlerMapping : Mapped "{[/admin/searchQuestions],methods=[POST]}" onto public com.lrm.vo.Result<java.util.Map<java.lang.String, java.lang.Object>> com.lrm.web.admin.AdminQuestionController.searchQuestion(org.springframework.data.domain.Pageable,com.lrm.vo.QuestionQuery,java.lang.Long)
2021-05-05 00:07:21.704  INFO 1788 --- [restartedMain] s.w.s.m.m.a.RequestMappingHandlerMapping : Mapped "{[/admin/tags/{tagId}/delete],methods=[GET]}" onto public com.lrm.vo.Result<java.util.Map<java.lang.String, java.lang.Object>> com.lrm.web.admin.TagController.delete(java.lang.Long)
2021-05-05 00:07:21.705  INFO 1788 --- [restartedMain] s.w.s.m.m.a.RequestMappingHandlerMapping : Mapped "{[/admin/tags/],methods=[GET]}" onto public com.lrm.vo.Result<java.util.Map<java.lang.String, java.lang.Object>> com.lrm.web.admin.TagController.tags()
2021-05-05 00:07:21.705  INFO 1788 --- [restartedMain] s.w.s.m.m.a.RequestMappingHandlerMapping : Mapped "{[/admin/tags/input],methods=[POST]}" onto public com.lrm.vo.Result<java.util.Map<java.lang.String, java.lang.Object>> com.lrm.web.admin.TagController.post(com.lrm.po.Tag,org.springframework.validation.BindingResult)
2021-05-05 00:07:21.705  INFO 1788 --- [restartedMain] s.w.s.m.m.a.RequestMappingHandlerMapping : Mapped "{[/admin/controlSpeak/{userId}],methods=[GET]}" onto public void com.lrm.web.admin.UserController.controlSpeak(java.lang.Long)
2021-05-05 00:07:21.705  INFO 1788 --- [restartedMain] s.w.s.m.m.a.RequestMappingHandlerMapping : Mapped "{[/admin/searchUser],methods=[POST]}" onto public com.lrm.vo.Result<java.util.Map<java.lang.String, java.lang.Object>> com.lrm.web.admin.UserController.searchCustomer(java.lang.String)
2021-05-05 00:07:21.706  INFO 1788 --- [restartedMain] s.w.s.m.m.a.RequestMappingHandlerMapping : Mapped "{[/question/{questionId}/comments],methods=[GET]}" onto public com.lrm.vo.Result<java.util.Map<java.lang.String, java.lang.Object>> com.lrm.web.CommentController.comments(java.lang.Long,javax.servlet.http.HttpServletRequest)
2021-05-05 00:07:21.706  INFO 1788 --- [restartedMain] s.w.s.m.m.a.RequestMappingHandlerMapping : Mapped "{[/question/{questionId}/comment],methods=[POST]}" onto public com.lrm.vo.Result<java.util.Map<java.lang.String, java.lang.Object>> com.lrm.web.CommentController.post(com.lrm.po.Comment,javax.servlet.http.HttpServletRequest,org.springframework.validation.BindingResult) throws com.lrm.Exception.NotFoundException
2021-05-05 00:07:21.706  INFO 1788 --- [restartedMain] s.w.s.m.m.a.RequestMappingHandlerMapping : Mapped "{[/question/{questionId}/comment/{commentId}/delete],methods=[GET]}" onto public com.lrm.vo.Result<java.util.Map<java.lang.String, java.lang.Object>> com.lrm.web.CommentController.deleteComment(java.lang.Long,javax.servlet.http.HttpServletRequest)
2021-05-05 00:07:21.706  INFO 1788 --- [restartedMain] s.w.s.m.m.a.RequestMappingHandlerMapping : Mapped "{[/question/{questionId}/comment/{commentId}/disapprove],methods=[GET]}" onto public void com.lrm.web.CommentController.disapprove(java.lang.Long,java.lang.Long,javax.servlet.http.HttpServletRequest)
2021-05-05 00:07:21.707  INFO 1788 --- [restartedMain] s.w.s.m.m.a.RequestMappingHandlerMapping : Mapped "{[/question/{questionId}/comment/{commentId}/approve],methods=[GET]}" onto public void com.lrm.web.CommentController.approve(java.lang.Long,java.lang.Long,javax.servlet.http.HttpServletRequest)
2021-05-05 00:07:21.707  INFO 1788 --- [restartedMain] s.w.s.m.m.a.RequestMappingHandlerMapping : Mapped "{[/question/{questionId}/uploadPhotos],methods=[POST]}" onto public com.lrm.vo.Result<java.util.Map<java.lang.String, java.lang.Object>> com.lrm.web.CommentController.uploadPhotos(org.springframework.web.multipart.MultipartFile[],javax.servlet.http.HttpServletRequest,java.lang.Long,java.lang.Long) throws java.io.IOException
2021-05-05 00:07:21.707  INFO 1788 --- [restartedMain] s.w.s.m.m.a.RequestMappingHandlerMapping : Mapped "{[/customer/archives],methods=[GET]}" onto public com.lrm.vo.Result<java.util.Map<java.lang.String, java.lang.Object>> com.lrm.web.customer.ArchiveShowController.archives(javax.servlet.http.HttpServletRequest)
2021-05-05 00:07:21.707  INFO 1788 --- [restartedMain] s.w.s.m.m.a.RequestMappingHandlerMapping : Mapped "{[/customer/uploadAvatar],methods=[POST]}" onto public com.lrm.vo.Result<java.util.Map<java.lang.String, java.lang.Object>> com.lrm.web.customer.CustomerController.uploadAvatar(org.springframework.web.multipart.MultipartFile,javax.servlet.http.HttpServletRequest)
2021-05-05 00:07:21.708  INFO 1788 --- [restartedMain] s.w.s.m.m.a.RequestMappingHandlerMapping : Mapped "{[/customer/personal],methods=[GET]}" onto public com.lrm.vo.Result<java.util.Map<java.lang.String, java.lang.Object>> com.lrm.web.customer.CustomerController.showMe(javax.servlet.http.HttpServletRequest)
2021-05-05 00:07:21.708  INFO 1788 --- [restartedMain] s.w.s.m.m.a.RequestMappingHandlerMapping : Mapped "{[/customer/modifyAll],methods=[POST]}" onto public com.lrm.vo.Result<java.util.Map<java.lang.String, java.lang.Object>> com.lrm.web.customer.CustomerController.modifyUserInformation(com.lrm.po.User)
2021-05-05 00:07:21.708  INFO 1788 --- [restartedMain] s.w.s.m.m.a.RequestMappingHandlerMapping : Mapped "{[/customer/messages/],methods=[GET]}" onto public com.lrm.vo.Result<java.util.Map<java.lang.String, java.lang.Object>> com.lrm.web.customer.MessageController.messages(javax.servlet.http.HttpServletRequest) throws com.auth0.jwt.exceptions.JWTVerificationException
2021-05-05 00:07:21.708  INFO 1788 --- [restartedMain] s.w.s.m.m.a.RequestMappingHandlerMapping : Mapped "{[/customer/messages/readAllComments],methods=[GET]}" onto public void com.lrm.web.customer.MessageController.readAllComments(javax.servlet.http.HttpServletRequest)
2021-05-05 00:07:21.708  INFO 1788 --- [restartedMain] s.w.s.m.m.a.RequestMappingHandlerMapping : Mapped "{[/customer/messages/readAllLikes],methods=[GET]}" onto public void com.lrm.web.customer.MessageController.readAllLikes(javax.servlet.http.HttpServletRequest)
2021-05-05 00:07:21.709  INFO 1788 --- [restartedMain] s.w.s.m.m.a.RequestMappingHandlerMapping : Mapped "{[/customer/messages/{likesId}/read],methods=[GET]}" onto public void com.lrm.web.customer.MessageController.readLikes(java.lang.Long)
2021-05-05 00:07:21.709  INFO 1788 --- [restartedMain] s.w.s.m.m.a.RequestMappingHandlerMapping : Mapped "{[/customer/messages/{commentId}/read],methods=[GET]}" onto public void com.lrm.web.customer.MessageController.readComment(java.lang.Long)
2021-05-05 00:07:21.709  INFO 1788 --- [restartedMain] s.w.s.m.m.a.RequestMappingHandlerMapping : Mapped "{[/customer/question/{questionId}/delete],methods=[GET]}" onto public com.lrm.vo.Result<java.util.Map<java.lang.String, java.lang.Object>> com.lrm.web.customer.QuestionController.delete(java.lang.Long,javax.servlet.http.HttpServletRequest)
2021-05-05 00:07:21.709  INFO 1788 --- [restartedMain] s.w.s.m.m.a.RequestMappingHandlerMapping : Mapped "{[/customer/searchQuestions],methods=[POST]}" onto public com.lrm.vo.Result<java.util.Map<java.lang.String, java.lang.Object>> com.lrm.web.customer.QuestionController.search(org.springframework.data.domain.Pageable,com.lrm.vo.QuestionQuery,javax.servlet.http.HttpServletRequest)
2021-05-05 00:07:21.710  INFO 1788 --- [restartedMain] s.w.s.m.m.a.RequestMappingHandlerMapping : Mapped "{[/customer/questions],methods=[POST]}" onto public com.lrm.vo.Result<java.util.Map<java.lang.String, java.lang.Object>> com.lrm.web.customer.QuestionController.post(com.lrm.po.Question,org.springframework.validation.BindingResult,javax.servlet.http.HttpServletRequest)
2021-05-05 00:07:21.710  INFO 1788 --- [restartedMain] s.w.s.m.m.a.RequestMappingHandlerMapping : Mapped "{[/customer/uploadPhotos],methods=[POST]}" onto public com.lrm.vo.Result<java.util.Map<java.lang.String, java.lang.Object>> com.lrm.web.customer.QuestionController.uploadPhotos(org.springframework.web.multipart.MultipartFile[],javax.servlet.http.HttpServletRequest,java.lang.Long) throws java.io.IOException
2021-05-05 00:07:21.710  INFO 1788 --- [restartedMain] s.w.s.m.m.a.RequestMappingHandlerMapping : Mapped "{[/customer/questions/tags],methods=[GET]}" onto public com.lrm.vo.Result<java.util.Map<java.lang.String, java.lang.Object>> com.lrm.web.customer.QuestionController.showTags()
2021-05-05 00:07:21.710  INFO 1788 --- [restartedMain] s.w.s.m.m.a.RequestMappingHandlerMapping : Mapped "{[/customer/questions],methods=[GET]}" onto public com.lrm.vo.Result<java.util.Map<java.lang.String, java.lang.Object>> com.lrm.web.customer.QuestionController.showQuestions(org.springframework.data.domain.Pageable,com.lrm.vo.QuestionQuery,javax.servlet.http.HttpServletRequest)
2021-05-05 00:07:21.711  INFO 1788 --- [restartedMain] s.w.s.m.m.a.RequestMappingHandlerMapping : Mapped "{[/],methods=[GET]}" onto public com.lrm.vo.Result<java.util.Map<java.lang.String, java.lang.Object>> com.lrm.web.IndexController.index(org.springframework.data.domain.Pageable,javax.servlet.http.HttpServletRequest)
2021-05-05 00:07:21.711  INFO 1788 --- [restartedMain] s.w.s.m.m.a.RequestMappingHandlerMapping : Mapped "{[/searchQuestions],methods=[POST]}" onto public com.lrm.vo.Result<java.util.Map<java.lang.String, java.lang.Object>> com.lrm.web.IndexController.search(org.springframework.data.domain.Pageable,java.lang.String)
2021-05-05 00:07:21.711  INFO 1788 --- [restartedMain] s.w.s.m.m.a.RequestMappingHandlerMapping : Mapped "{[/question/{questionId}],methods=[GET]}" onto public com.lrm.vo.Result<java.util.Map<java.lang.String, java.lang.Object>> com.lrm.web.IndexController.question(java.lang.Long)
2021-05-05 00:07:21.711  INFO 1788 --- [restartedMain] s.w.s.m.m.a.RequestMappingHandlerMapping : Mapped "{[/question/{questionId}/disapprove],methods=[GET]}" onto public void com.lrm.web.IndexController.disapprove(java.lang.Long,javax.servlet.http.HttpServletRequest)
2021-05-05 00:07:21.712  INFO 1788 --- [restartedMain] s.w.s.m.m.a.RequestMappingHandlerMapping : Mapped "{[/question/{questionId}/approve],methods=[GET]}" onto public void com.lrm.web.IndexController.approve(java.lang.Long,javax.servlet.http.HttpServletRequest)
2021-05-05 00:07:21.712  INFO 1788 --- [restartedMain] s.w.s.m.m.a.RequestMappingHandlerMapping : Mapped "{[/register],methods=[POST]}" onto public com.lrm.vo.Result<java.util.Map<java.lang.String, java.lang.Object>> com.lrm.web.LoginController.register(com.lrm.po.User,org.springframework.validation.BindingResult)
2021-05-05 00:07:21.712  INFO 1788 --- [restartedMain] s.w.s.m.m.a.RequestMappingHandlerMapping : Mapped "{[/login],methods=[POST]}" onto public com.lrm.vo.Result<java.util.Map<java.lang.String, java.lang.Object>> com.lrm.web.LoginController.login(java.lang.String,java.lang.String)
2021-05-05 00:07:21.713  INFO 1788 --- [restartedMain] s.w.s.m.m.a.RequestMappingHandlerMapping : Mapped "{[/rank],methods=[GET]}" onto com.lrm.vo.Result<java.util.Map<java.lang.String, java.lang.Object>> com.lrm.web.RankController.donationRank()
2021-05-05 00:07:21.713  INFO 1788 --- [restartedMain] s.w.s.m.m.a.RequestMappingHandlerMapping : Mapped "{[/tags/],methods=[GET]}" onto public com.lrm.vo.Result<java.util.Map<java.lang.String, java.lang.Object>> com.lrm.web.TagShowController.tags()
2021-05-05 00:07:21.713  INFO 1788 --- [restartedMain] s.w.s.m.m.a.RequestMappingHandlerMapping : Mapped "{[/tags/searchQuestions],methods=[POST]}" onto public com.lrm.vo.Result<java.util.Map<java.lang.String, java.lang.Object>> com.lrm.web.TagShowController.showQuestions(java.lang.String)
2021-05-05 00:07:21.715  INFO 1788 --- [restartedMain] s.w.s.m.m.a.RequestMappingHandlerMapping : Mapped "{[/error]}" onto public org.springframework.http.ResponseEntity<java.util.Map<java.lang.String, java.lang.Object>> org.springframework.boot.autoconfigure.web.servlet.error.BasicErrorController.error(javax.servlet.http.HttpServletRequest)
2021-05-05 00:07:21.715  INFO 1788 --- [restartedMain] s.w.s.m.m.a.RequestMappingHandlerMapping : Mapped "{[/error],produces=[text/html]}" onto public org.springframework.web.servlet.ModelAndView org.springframework.boot.autoconfigure.web.servlet.error.BasicErrorController.errorHtml(javax.servlet.http.HttpServletRequest,javax.servlet.http.HttpServletResponse)
2021-05-05 00:07:21.755  INFO 1788 --- [restartedMain] o.s.w.s.handler.SimpleUrlHandlerMapping  : Mapped URL path [/webjars/**] onto handler of type [class org.springframework.web.servlet.resource.ResourceHttpRequestHandler]
2021-05-05 00:07:21.755  INFO 1788 --- [restartedMain] o.s.w.s.handler.SimpleUrlHandlerMapping  : Mapped URL path [/**] onto handler of type [class org.springframework.web.servlet.resource.ResourceHttpRequestHandler]
2021-05-05 00:07:21.766  INFO 1788 --- [restartedMain] .m.m.a.ExceptionHandlerExceptionResolver : Detected @ExceptionHandler methods in controllerExceptionHandler
2021-05-05 00:07:22.035  INFO 1788 --- [restartedMain] o.s.b.d.a.OptionalLiveReloadServer       : LiveReload server is running on port 35729
2021-05-05 00:07:22.057  INFO 1788 --- [restartedMain] o.s.j.e.a.AnnotationMBeanExporter        : Registering beans for JMX exposure on startup
2021-05-05 00:07:22.058  INFO 1788 --- [restartedMain] o.s.j.e.a.AnnotationMBeanExporter        : Bean with name 'dataSource' has been autodetected for JMX exposure
2021-05-05 00:07:22.063  INFO 1788 --- [restartedMain] o.s.j.e.a.AnnotationMBeanExporter        : Located MBean 'dataSource': registering with JMX server as MBean [com.zaxxer.hikari:name=dataSource,type=HikariDataSource]
2021-05-05 00:07:22.073  INFO 1788 --- [restartedMain] o.s.b.w.embedded.tomcat.TomcatWebServer  : Tomcat started on port(s): 8080 (http) with context path ''
2021-05-05 00:07:22.073  INFO 1788 --- [restartedMain] com.lrm.Application                      : Started Application in 2.332 seconds (JVM running for 2137.635)
2021-05-05 00:07:22.075  INFO 1788 --- [restartedMain] .ConditionEvaluationDeltaLoggingListener : Condition evaluation unchanged
2021-05-05 00:09:14.315  INFO 1788 --- [Thread-97] ConfigServletWebServerApplicationContext : Closing org.springframework.boot.web.servlet.context.AnnotationConfigServletWebServerApplicationContext@6a6b6914: startup date [Wed May 05 00:07:19 CST 2021]; root of context hierarchy
2021-05-05 00:09:14.317  INFO 1788 --- [Thread-97] o.s.j.e.a.AnnotationMBeanExporter        : Unregistering JMX-exposed beans on shutdown
2021-05-05 00:09:14.317  INFO 1788 --- [Thread-97] o.s.j.e.a.AnnotationMBeanExporter        : Unregistering JMX-exposed beans
2021-05-05 00:09:14.318  INFO 1788 --- [Thread-97] j.LocalContainerEntityManagerFactoryBean : Closing JPA EntityManagerFactory for persistence unit 'default'
2021-05-05 00:09:14.319  INFO 1788 --- [Thread-97] com.zaxxer.hikari.HikariDataSource       : HikariPool-13 - Shutdown initiated...
2021-05-05 00:09:14.325  INFO 1788 --- [Thread-97] com.zaxxer.hikari.HikariDataSource       : HikariPool-13 - Shutdown completed.
2021-05-05 00:09:14.986  INFO 1788 --- [restartedMain] com.lrm.Application                      : Starting Application on PC-20200730QXZK with PID 1788 (started by Administrator in D:\springboot开发\雏雁项目\WeSwallows)
2021-05-05 00:09:14.986 DEBUG 1788 --- [restartedMain] com.lrm.Application                      : Running with Spring Boot v2.0.6.RELEASE, Spring v5.0.10.RELEASE
2021-05-05 00:09:14.987  INFO 1788 --- [restartedMain] com.lrm.Application                      : No active profile set, falling back to default profiles: default
2021-05-05 00:09:14.989  INFO 1788 --- [restartedMain] ConfigServletWebServerApplicationContext : Refreshing org.springframework.boot.web.servlet.context.AnnotationConfigServletWebServerApplicationContext@438a9584: startup date [Wed May 05 00:09:14 CST 2021]; root of context hierarchy
2021-05-05 00:09:15.480  INFO 1788 --- [restartedMain] trationDelegate$BeanPostProcessorChecker : Bean 'org.springframework.transaction.annotation.ProxyTransactionManagementConfiguration' of type [org.springframework.transaction.annotation.ProxyTransactionManagementConfiguration$$EnhancerBySpringCGLIB$$c8f93a84] is not eligible for getting processed by all BeanPostProcessors (for example: not eligible for auto-proxying)
2021-05-05 00:09:15.661  INFO 1788 --- [restartedMain] o.s.b.w.embedded.tomcat.TomcatWebServer  : Tomcat initialized with port(s): 8080 (http)
2021-05-05 00:09:15.662  INFO 1788 --- [restartedMain] o.apache.catalina.core.StandardService   : Starting service [Tomcat]
2021-05-05 00:09:15.662  INFO 1788 --- [restartedMain] org.apache.catalina.core.StandardEngine  : Starting Servlet Engine: Apache Tomcat/8.5.34
2021-05-05 00:09:15.676  INFO 1788 --- [localhost-startStop-1] o.a.c.c.C.[Tomcat].[localhost].[/]       : Initializing Spring embedded WebApplicationContext
2021-05-05 00:09:15.677  INFO 1788 --- [localhost-startStop-1] o.s.web.context.ContextLoader            : Root WebApplicationContext: initialization completed in 688 ms
2021-05-05 00:09:15.699  INFO 1788 --- [localhost-startStop-1] o.s.b.w.servlet.ServletRegistrationBean  : Servlet dispatcherServlet mapped to [/]
2021-05-05 00:09:15.699  INFO 1788 --- [localhost-startStop-1] o.s.b.w.servlet.FilterRegistrationBean   : Mapping filter: 'characterEncodingFilter' to: [/*]
2021-05-05 00:09:15.699  INFO 1788 --- [localhost-startStop-1] o.s.b.w.servlet.FilterRegistrationBean   : Mapping filter: 'hiddenHttpMethodFilter' to: [/*]
2021-05-05 00:09:15.699  INFO 1788 --- [localhost-startStop-1] o.s.b.w.servlet.FilterRegistrationBean   : Mapping filter: 'httpPutFormContentFilter' to: [/*]
2021-05-05 00:09:15.699  INFO 1788 --- [localhost-startStop-1] o.s.b.w.servlet.FilterRegistrationBean   : Mapping filter: 'requestContextFilter' to: [/*]
2021-05-05 00:09:15.768  INFO 1788 --- [restartedMain] com.zaxxer.hikari.HikariDataSource       : HikariPool-14 - Starting...
2021-05-05 00:09:15.772  INFO 1788 --- [restartedMain] com.zaxxer.hikari.HikariDataSource       : HikariPool-14 - Start completed.
2021-05-05 00:09:15.783  INFO 1788 --- [restartedMain] j.LocalContainerEntityManagerFactoryBean : Building JPA container EntityManagerFactory for persistence unit 'default'
2021-05-05 00:09:15.783  INFO 1788 --- [restartedMain] o.hibernate.jpa.internal.util.LogHelper  : HHH000204: Processing PersistenceUnitInfo [
	name: default
	...]
2021-05-05 00:09:15.802  INFO 1788 --- [restartedMain] org.hibernate.dialect.Dialect            : HHH000400: Using dialect: org.hibernate.dialect.MySQL5Dialect
2021-05-05 00:09:15.896  INFO 1788 --- [restartedMain] j.LocalContainerEntityManagerFactoryBean : Initialized JPA EntityManagerFactory for persistence unit 'default'
2021-05-05 00:09:16.093  INFO 1788 --- [restartedMain] o.h.h.i.QueryTranslatorFactoryInitiator  : HHH000397: Using ASTQueryTranslatorFactory
2021-05-05 00:09:16.426  INFO 1788 --- [restartedMain] o.s.w.s.handler.SimpleUrlHandlerMapping  : Mapped URL path [/**/favicon.ico] onto handler of type [class org.springframework.web.servlet.resource.ResourceHttpRequestHandler]
2021-05-05 00:09:16.598  INFO 1788 --- [restartedMain] s.w.s.m.m.a.RequestMappingHandlerAdapter : Looking for @ControllerAdvice: org.springframework.boot.web.servlet.context.AnnotationConfigServletWebServerApplicationContext@438a9584: startup date [Wed May 05 00:09:14 CST 2021]; root of context hierarchy
2021-05-05 00:09:16.610  WARN 1788 --- [restartedMain] aWebConfiguration$JpaWebMvcConfiguration : spring.jpa.open-in-view is enabled by default. Therefore, database queries may be performed during view rendering. Explicitly configure spring.jpa.open-in-view to disable this warning
2021-05-05 00:09:16.616  INFO 1788 --- [restartedMain] s.w.s.m.m.a.RequestMappingHandlerMapping : Mapped "{[/admin/questions/{questionId}/delete],methods=[GET]}" onto public com.lrm.vo.Result<java.util.Map<java.lang.String, java.lang.Object>> com.lrm.web.admin.AdminQuestionController.delete(java.lang.Long,javax.servlet.http.HttpServletRequest)
2021-05-05 00:09:16.616  INFO 1788 --- [restartedMain] s.w.s.m.m.a.RequestMappingHandlerMapping : Mapped "{[/admin/questions],methods=[POST]}" onto public com.lrm.vo.Result<java.util.Map<java.lang.String, java.lang.Object>> com.lrm.web.admin.AdminQuestionController.post(com.lrm.po.Question,org.springframework.validation.BindingResult)
2021-05-05 00:09:16.616  INFO 1788 --- [restartedMain] s.w.s.m.m.a.RequestMappingHandlerMapping : Mapped "{[/admin/question/{questionId}/edit],methods=[GET]}" onto public com.lrm.vo.Result<java.util.Map<java.lang.String, java.lang.Object>> com.lrm.web.admin.AdminQuestionController.editInput(java.lang.Long)
2021-05-05 00:09:16.616  INFO 1788 --- [restartedMain] s.w.s.m.m.a.RequestMappingHandlerMapping : Mapped "{[/admin/searchQuestions],methods=[POST]}" onto public com.lrm.vo.Result<java.util.Map<java.lang.String, java.lang.Object>> com.lrm.web.admin.AdminQuestionController.searchQuestion(org.springframework.data.domain.Pageable,com.lrm.vo.QuestionQuery,java.lang.Long)
2021-05-05 00:09:16.616  INFO 1788 --- [restartedMain] s.w.s.m.m.a.RequestMappingHandlerMapping : Mapped "{[/admin/tags/{tagId}/delete],methods=[GET]}" onto public com.lrm.vo.Result<java.util.Map<java.lang.String, java.lang.Object>> com.lrm.web.admin.TagController.delete(java.lang.Long)
2021-05-05 00:09:16.616  INFO 1788 --- [restartedMain] s.w.s.m.m.a.RequestMappingHandlerMapping : Mapped "{[/admin/tags/],methods=[GET]}" onto public com.lrm.vo.Result<java.util.Map<java.lang.String, java.lang.Object>> com.lrm.web.admin.TagController.tags()
2021-05-05 00:09:16.616  INFO 1788 --- [restartedMain] s.w.s.m.m.a.RequestMappingHandlerMapping : Mapped "{[/admin/tags/input],methods=[POST]}" onto public com.lrm.vo.Result<java.util.Map<java.lang.String, java.lang.Object>> com.lrm.web.admin.TagController.post(com.lrm.po.Tag,org.springframework.validation.BindingResult)
2021-05-05 00:09:16.617  INFO 1788 --- [restartedMain] s.w.s.m.m.a.RequestMappingHandlerMapping : Mapped "{[/admin/controlSpeak/{userId}],methods=[GET]}" onto public void com.lrm.web.admin.UserController.controlSpeak(java.lang.Long)
2021-05-05 00:09:16.617  INFO 1788 --- [restartedMain] s.w.s.m.m.a.RequestMappingHandlerMapping : Mapped "{[/admin/searchUser],methods=[POST]}" onto public com.lrm.vo.Result<java.util.Map<java.lang.String, java.lang.Object>> com.lrm.web.admin.UserController.searchCustomer(java.lang.String)
2021-05-05 00:09:16.617  INFO 1788 --- [restartedMain] s.w.s.m.m.a.RequestMappingHandlerMapping : Mapped "{[/question/{questionId}/comments],methods=[GET]}" onto public com.lrm.vo.Result<java.util.Map<java.lang.String, java.lang.Object>> com.lrm.web.CommentController.comments(java.lang.Long,javax.servlet.http.HttpServletRequest)
2021-05-05 00:09:16.617  INFO 1788 --- [restartedMain] s.w.s.m.m.a.RequestMappingHandlerMapping : Mapped "{[/question/{questionId}/comment],methods=[POST]}" onto public com.lrm.vo.Result<java.util.Map<java.lang.String, java.lang.Object>> com.lrm.web.CommentController.post(com.lrm.po.Comment,javax.servlet.http.HttpServletRequest,org.springframework.validation.BindingResult) throws com.lrm.Exception.NotFoundException
2021-05-05 00:09:16.617  INFO 1788 --- [restartedMain] s.w.s.m.m.a.RequestMappingHandlerMapping : Mapped "{[/question/{questionId}/comment/{commentId}/delete],methods=[GET]}" onto public com.lrm.vo.Result<java.util.Map<java.lang.String, java.lang.Object>> com.lrm.web.CommentController.deleteComment(java.lang.Long,javax.servlet.http.HttpServletRequest)
2021-05-05 00:09:16.617  INFO 1788 --- [restartedMain] s.w.s.m.m.a.RequestMappingHandlerMapping : Mapped "{[/question/{questionId}/comment/{commentId}/disapprove],methods=[GET]}" onto public void com.lrm.web.CommentController.disapprove(java.lang.Long,java.lang.Long,javax.servlet.http.HttpServletRequest)
2021-05-05 00:09:16.618  INFO 1788 --- [restartedMain] s.w.s.m.m.a.RequestMappingHandlerMapping : Mapped "{[/question/{questionId}/comment/{commentId}/approve],methods=[GET]}" onto public void com.lrm.web.CommentController.approve(java.lang.Long,java.lang.Long,javax.servlet.http.HttpServletRequest)
2021-05-05 00:09:16.618  INFO 1788 --- [restartedMain] s.w.s.m.m.a.RequestMappingHandlerMapping : Mapped "{[/question/{questionId}/uploadPhotos],methods=[POST]}" onto public com.lrm.vo.Result<java.util.Map<java.lang.String, java.lang.Object>> com.lrm.web.CommentController.uploadPhotos(org.springframework.web.multipart.MultipartFile[],javax.servlet.http.HttpServletRequest,java.lang.Long,java.lang.Long) throws java.io.IOException
2021-05-05 00:09:16.618  INFO 1788 --- [restartedMain] s.w.s.m.m.a.RequestMappingHandlerMapping : Mapped "{[/customer/archives],methods=[GET]}" onto public com.lrm.vo.Result<java.util.Map<java.lang.String, java.lang.Object>> com.lrm.web.customer.ArchiveShowController.archives(javax.servlet.http.HttpServletRequest)
2021-05-05 00:09:16.618  INFO 1788 --- [restartedMain] s.w.s.m.m.a.RequestMappingHandlerMapping : Mapped "{[/customer/uploadAvatar],methods=[POST]}" onto public com.lrm.vo.Result<java.util.Map<java.lang.String, java.lang.Object>> com.lrm.web.customer.CustomerController.uploadAvatar(org.springframework.web.multipart.MultipartFile,javax.servlet.http.HttpServletRequest)
2021-05-05 00:09:16.618  INFO 1788 --- [restartedMain] s.w.s.m.m.a.RequestMappingHandlerMapping : Mapped "{[/customer/personal],methods=[GET]}" onto public com.lrm.vo.Result<java.util.Map<java.lang.String, java.lang.Object>> com.lrm.web.customer.CustomerController.showMe(javax.servlet.http.HttpServletRequest)
2021-05-05 00:09:16.618  INFO 1788 --- [restartedMain] s.w.s.m.m.a.RequestMappingHandlerMapping : Mapped "{[/customer/modifyAll],methods=[POST]}" onto public com.lrm.vo.Result<java.util.Map<java.lang.String, java.lang.Object>> com.lrm.web.customer.CustomerController.modifyUserInformation(com.lrm.po.User)
2021-05-05 00:09:16.619  INFO 1788 --- [restartedMain] s.w.s.m.m.a.RequestMappingHandlerMapping : Mapped "{[/customer/messages/],methods=[GET]}" onto public com.lrm.vo.Result<java.util.Map<java.lang.String, java.lang.Object>> com.lrm.web.customer.MessageController.messages(javax.servlet.http.HttpServletRequest) throws com.auth0.jwt.exceptions.JWTVerificationException
2021-05-05 00:09:16.619  INFO 1788 --- [restartedMain] s.w.s.m.m.a.RequestMappingHandlerMapping : Mapped "{[/customer/messages/readAllComments],methods=[GET]}" onto public void com.lrm.web.customer.MessageController.readAllComments(javax.servlet.http.HttpServletRequest)
2021-05-05 00:09:16.619  INFO 1788 --- [restartedMain] s.w.s.m.m.a.RequestMappingHandlerMapping : Mapped "{[/customer/messages/readAllLikes],methods=[GET]}" onto public void com.lrm.web.customer.MessageController.readAllLikes(javax.servlet.http.HttpServletRequest)
2021-05-05 00:09:16.619  INFO 1788 --- [restartedMain] s.w.s.m.m.a.RequestMappingHandlerMapping : Mapped "{[/customer/messages/{likesId}/read],methods=[GET]}" onto public void com.lrm.web.customer.MessageController.readLikes(java.lang.Long)
2021-05-05 00:09:16.619  INFO 1788 --- [restartedMain] s.w.s.m.m.a.RequestMappingHandlerMapping : Mapped "{[/customer/messages/{commentId}/read],methods=[GET]}" onto public void com.lrm.web.customer.MessageController.readComment(java.lang.Long)
2021-05-05 00:09:16.620  INFO 1788 --- [restartedMain] s.w.s.m.m.a.RequestMappingHandlerMapping : Mapped "{[/customer/question/{questionId}/delete],methods=[GET]}" onto public com.lrm.vo.Result<java.util.Map<java.lang.String, java.lang.Object>> com.lrm.web.customer.QuestionController.delete(java.lang.Long,javax.servlet.http.HttpServletRequest)
2021-05-05 00:09:16.620  INFO 1788 --- [restartedMain] s.w.s.m.m.a.RequestMappingHandlerMapping : Mapped "{[/customer/searchQuestions],methods=[POST]}" onto public com.lrm.vo.Result<java.util.Map<java.lang.String, java.lang.Object>> com.lrm.web.customer.QuestionController.search(org.springframework.data.domain.Pageable,com.lrm.vo.QuestionQuery,javax.servlet.http.HttpServletRequest)
2021-05-05 00:09:16.620  INFO 1788 --- [restartedMain] s.w.s.m.m.a.RequestMappingHandlerMapping : Mapped "{[/customer/questions],methods=[POST]}" onto public com.lrm.vo.Result<java.util.Map<java.lang.String, java.lang.Object>> com.lrm.web.customer.QuestionController.post(com.lrm.po.Question,org.springframework.validation.BindingResult,javax.servlet.http.HttpServletRequest)
2021-05-05 00:09:16.620  INFO 1788 --- [restartedMain] s.w.s.m.m.a.RequestMappingHandlerMapping : Mapped "{[/customer/uploadPhotos],methods=[POST]}" onto public com.lrm.vo.Result<java.util.Map<java.lang.String, java.lang.Object>> com.lrm.web.customer.QuestionController.uploadPhotos(org.springframework.web.multipart.MultipartFile[],javax.servlet.http.HttpServletRequest,java.lang.Long) throws java.io.IOException
2021-05-05 00:09:16.620  INFO 1788 --- [restartedMain] s.w.s.m.m.a.RequestMappingHandlerMapping : Mapped "{[/customer/questions/tags],methods=[GET]}" onto public com.lrm.vo.Result<java.util.Map<java.lang.String, java.lang.Object>> com.lrm.web.customer.QuestionController.showTags()
2021-05-05 00:09:16.620  INFO 1788 --- [restartedMain] s.w.s.m.m.a.RequestMappingHandlerMapping : Mapped "{[/customer/questions],methods=[GET]}" onto public com.lrm.vo.Result<java.util.Map<java.lang.String, java.lang.Object>> com.lrm.web.customer.QuestionController.showQuestions(org.springframework.data.domain.Pageable,com.lrm.vo.QuestionQuery,javax.servlet.http.HttpServletRequest)
2021-05-05 00:09:16.620  INFO 1788 --- [restartedMain] s.w.s.m.m.a.RequestMappingHandlerMapping : Mapped "{[/],methods=[GET]}" onto public com.lrm.vo.Result<java.util.Map<java.lang.String, java.lang.Object>> com.lrm.web.IndexController.index(org.springframework.data.domain.Pageable,javax.servlet.http.HttpServletRequest)
2021-05-05 00:09:16.621  INFO 1788 --- [restartedMain] s.w.s.m.m.a.RequestMappingHandlerMapping : Mapped "{[/searchQuestions],methods=[POST]}" onto public com.lrm.vo.Result<java.util.Map<java.lang.String, java.lang.Object>> com.lrm.web.IndexController.search(org.springframework.data.domain.Pageable,java.lang.String)
2021-05-05 00:09:16.621  INFO 1788 --- [restartedMain] s.w.s.m.m.a.RequestMappingHandlerMapping : Mapped "{[/question/{questionId}],methods=[GET]}" onto public com.lrm.vo.Result<java.util.Map<java.lang.String, java.lang.Object>> com.lrm.web.IndexController.question(java.lang.Long)
2021-05-05 00:09:16.621  INFO 1788 --- [restartedMain] s.w.s.m.m.a.RequestMappingHandlerMapping : Mapped "{[/question/{questionId}/disapprove],methods=[GET]}" onto public void com.lrm.web.IndexController.disapprove(java.lang.Long,javax.servlet.http.HttpServletRequest)
2021-05-05 00:09:16.621  INFO 1788 --- [restartedMain] s.w.s.m.m.a.RequestMappingHandlerMapping : Mapped "{[/question/{questionId}/approve],methods=[GET]}" onto public void com.lrm.web.IndexController.approve(java.lang.Long,javax.servlet.http.HttpServletRequest)
2021-05-05 00:09:16.621  INFO 1788 --- [restartedMain] s.w.s.m.m.a.RequestMappingHandlerMapping : Mapped "{[/register],methods=[POST]}" onto public com.lrm.vo.Result<java.util.Map<java.lang.String, java.lang.Object>> com.lrm.web.LoginController.register(com.lrm.po.User,org.springframework.validation.BindingResult)
2021-05-05 00:09:16.621  INFO 1788 --- [restartedMain] s.w.s.m.m.a.RequestMappingHandlerMapping : Mapped "{[/login],methods=[POST]}" onto public com.lrm.vo.Result<java.util.Map<java.lang.String, java.lang.Object>> com.lrm.web.LoginController.login(java.lang.String,java.lang.String)
2021-05-05 00:09:16.621  INFO 1788 --- [restartedMain] s.w.s.m.m.a.RequestMappingHandlerMapping : Mapped "{[/rank],methods=[GET]}" onto com.lrm.vo.Result<java.util.Map<java.lang.String, java.lang.Object>> com.lrm.web.RankController.donationRank()
2021-05-05 00:09:16.622  INFO 1788 --- [restartedMain] s.w.s.m.m.a.RequestMappingHandlerMapping : Mapped "{[/tags/],methods=[GET]}" onto public com.lrm.vo.Result<java.util.Map<java.lang.String, java.lang.Object>> com.lrm.web.TagShowController.tags()
2021-05-05 00:09:16.622  INFO 1788 --- [restartedMain] s.w.s.m.m.a.RequestMappingHandlerMapping : Mapped "{[/tags/searchQuestions],methods=[POST]}" onto public com.lrm.vo.Result<java.util.Map<java.lang.String, java.lang.Object>> com.lrm.web.TagShowController.showQuestions(java.lang.String)
2021-05-05 00:09:16.623  INFO 1788 --- [restartedMain] s.w.s.m.m.a.RequestMappingHandlerMapping : Mapped "{[/error]}" onto public org.springframework.http.ResponseEntity<java.util.Map<java.lang.String, java.lang.Object>> org.springframework.boot.autoconfigure.web.servlet.error.BasicErrorController.error(javax.servlet.http.HttpServletRequest)
2021-05-05 00:09:16.623  INFO 1788 --- [restartedMain] s.w.s.m.m.a.RequestMappingHandlerMapping : Mapped "{[/error],produces=[text/html]}" onto public org.springframework.web.servlet.ModelAndView org.springframework.boot.autoconfigure.web.servlet.error.BasicErrorController.errorHtml(javax.servlet.http.HttpServletRequest,javax.servlet.http.HttpServletResponse)
2021-05-05 00:09:16.652  INFO 1788 --- [restartedMain] o.s.w.s.handler.SimpleUrlHandlerMapping  : Mapped URL path [/webjars/**] onto handler of type [class org.springframework.web.servlet.resource.ResourceHttpRequestHandler]
2021-05-05 00:09:16.652  INFO 1788 --- [restartedMain] o.s.w.s.handler.SimpleUrlHandlerMapping  : Mapped URL path [/**] onto handler of type [class org.springframework.web.servlet.resource.ResourceHttpRequestHandler]
2021-05-05 00:09:16.660  INFO 1788 --- [restartedMain] .m.m.a.ExceptionHandlerExceptionResolver : Detected @ExceptionHandler methods in controllerExceptionHandler
2021-05-05 00:09:16.835  INFO 1788 --- [restartedMain] o.s.b.d.a.OptionalLiveReloadServer       : LiveReload server is running on port 35729
2021-05-05 00:09:16.850  INFO 1788 --- [restartedMain] o.s.j.e.a.AnnotationMBeanExporter        : Registering beans for JMX exposure on startup
2021-05-05 00:09:16.851  INFO 1788 --- [restartedMain] o.s.j.e.a.AnnotationMBeanExporter        : Bean with name 'dataSource' has been autodetected for JMX exposure
2021-05-05 00:09:16.854  INFO 1788 --- [restartedMain] o.s.j.e.a.AnnotationMBeanExporter        : Located MBean 'dataSource': registering with JMX server as MBean [com.zaxxer.hikari:name=dataSource,type=HikariDataSource]
2021-05-05 00:09:16.861  INFO 1788 --- [restartedMain] o.s.b.w.embedded.tomcat.TomcatWebServer  : Tomcat started on port(s): 8080 (http) with context path ''
2021-05-05 00:09:16.861  INFO 1788 --- [restartedMain] com.lrm.Application                      : Started Application in 1.914 seconds (JVM running for 2252.423)
2021-05-05 00:09:16.863  INFO 1788 --- [restartedMain] .ConditionEvaluationDeltaLoggingListener : Condition evaluation unchanged
